epoch,loss,sparse_categorical_accuracy,val_loss,val_sparse_categorical_accuracy
0,1.4609206914901733,0.560694694519043,1.9312891960144043,0.4780319929122925
1,1.2936121225357056,0.5852305889129639,1.6851897239685059,0.5041621327400208
2,1.248620867729187,0.5959059000015259,1.657928466796875,0.5221631526947021
3,1.2158913612365723,0.6051421761512756,1.5444908142089844,0.5293728113174438
4,1.1953697204589844,0.6107492446899414,1.4726650714874268,0.5372249484062195
5,1.179653286933899,0.6175116300582886,1.5341862440109253,0.543322741985321
6,1.1631371974945068,0.6210679411888123,1.5629632472991943,0.5375866889953613
7,1.1575798988342285,0.6239627599716187,1.462356686592102,0.5446866750717163
8,1.139747142791748,0.6303932666778564,1.56260347366333,0.5047840476036072
9,1.1290467977523804,0.633418619632721,1.5418897867202759,0.524147093296051
10,1.1210275888442993,0.6353790760040283,1.4585438966751099,0.5468401312828064
11,1.1146128177642822,0.6372283697128296,1.4774104356765747,0.5369296073913574
12,1.0997517108917236,0.6439799666404724,1.6254698038101196,0.5074124336242676
13,1.0978734493255615,0.643511950969696,1.474109172821045,0.5584601759910583
14,1.08945631980896,0.6483806371688843,1.606626272201538,0.5088071823120117
15,1.0854970216751099,0.6470964550971985,1.5469839572906494,0.5262243747711182
16,1.0781817436218262,0.6512824892997742,1.5172561407089233,0.5231260657310486
17,1.0801867246627808,0.6498976349830627,1.4278957843780518,0.5521337389945984
18,1.0603420734405518,0.6563732028007507,1.4618072509765625,0.5423339009284973
19,1.0650218725204468,0.6546128988265991,1.4345273971557617,0.5467818975448608
20,1.058135747909546,0.6556513905525208,1.4555230140686035,0.5454376339912415
21,1.053999423980713,0.6567687392234802,1.3998255729675293,0.564125657081604
22,1.0477105379104614,0.6601823568344116,1.4637678861618042,0.5433351397514343
23,1.0431630611419678,0.6607615351676941,1.462836503982544,0.5514925122261047
24,1.0338106155395508,0.6638530492782593,1.4866100549697876,0.5207569599151611
25,1.032436490058899,0.6652871370315552,1.5024943351745605,0.5483493208885193
26,1.0334362983703613,0.6640418767929077,1.4514964818954468,0.5504248738288879
27,1.027864933013916,0.6652867794036865,1.7385764122009277,0.5078771114349365
28,1.0306192636489868,0.664753794670105,1.5426052808761597,0.5142388343811035
29,1.0277122259140015,0.6658583283424377,1.795716404914856,0.517009973526001
30,1.0222963094711304,0.6676744222640991,1.4551829099655151,0.5443441271781921
31,1.0217828750610352,0.6686803102493286,1.4299590587615967,0.5527405738830566
32,1.0185996294021606,0.6686490178108215,1.4673734903335571,0.5389285087585449
33,1.008218765258789,0.6727691292762756,1.4905627965927124,0.5389801263809204
34,1.0070534944534302,0.6733200550079346,1.441461205482483,0.5533812046051025
35,1.0084125995635986,0.6720033288002014,1.4683841466903687,0.5538522601127625
36,0.9978954195976257,0.6752258539199829,1.5875191688537598,0.5170955061912537
37,0.9501042366027832,0.6907845735549927,1.3867663145065308,0.5655962228775024
38,0.9361986517906189,0.6953927874565125,1.3923019170761108,0.5681568384170532
39,0.9330459833145142,0.6961168050765991,1.3884687423706055,0.5669543147087097
40,0.9286828637123108,0.6983416080474854,1.4146065711975098,0.566257119178772
41,0.9282300472259521,0.6971184611320496,1.3788974285125732,0.5706961154937744
42,0.9224822521209717,0.6983991265296936,1.3982539176940918,0.5699910521507263
43,0.9240631461143494,0.6987347602844238,1.3770689964294434,0.5731256604194641
44,0.9259503483772278,0.6976741552352905,1.382289171218872,0.5722200870513916
45,0.920737624168396,0.7001637816429138,1.3922929763793945,0.5679395198822021
46,0.9202585220336914,0.7001791596412659,1.412394404411316,0.5712339878082275
47,0.9205188155174255,0.6999174952507019,1.3899013996124268,0.5696359872817993
48,0.9197009801864624,0.7004218697547913,1.4044777154922485,0.5658212304115295
49,0.9184263944625854,0.7010011076927185,1.370922565460205,0.5768170356750488
50,0.918103814125061,0.7002664804458618,1.3835270404815674,0.5703737735748291
51,0.9152911901473999,0.7012484073638916,1.3828579187393188,0.5729255676269531
52,0.9141220450401306,0.7016276717185974,1.370543360710144,0.5765568017959595
53,0.9127857685089111,0.7021062970161438,1.3720442056655884,0.5743861198425293
54,0.9150603413581848,0.700880229473114,1.3894654512405396,0.5712037086486816
55,0.9121965169906616,0.7020857930183411,1.3927096128463745,0.5693008303642273
56,0.9098986387252808,0.7038204073905945,1.3975132703781128,0.5701456665992737
57,0.9100422859191895,0.703794538974762,1.3712670803070068,0.5800861120223999
58,0.9116365313529968,0.7026242017745972,1.3784916400909424,0.5737256407737732
59,0.9086989164352417,0.7043588757514954,1.361314296722412,0.5802765488624573
60,0.9063119292259216,0.7042710185050964,1.397743821144104,0.5694653987884521
61,0.912100613117218,0.7021743059158325,1.3632510900497437,0.5791440010070801
62,0.9071338176727295,0.7045596837997437,1.3729819059371948,0.5733268857002258
63,0.9063238501548767,0.7040735483169556,1.4145381450653076,0.5719020366668701
64,0.9086851477622986,0.7036014199256897,1.360592246055603,0.5785018801689148
65,0.9026325941085815,0.7052838802337646,1.377339482307434,0.5746563673019409
66,0.9076013565063477,0.7040212750434875,1.3832989931106567,0.5725857615470886
67,0.9051634073257446,0.7044410705566406,1.3602471351623535,0.5745469927787781
68,0.9072110652923584,0.703428328037262,1.3579434156417847,0.5802854299545288
69,0.9043506383895874,0.7057093977928162,1.3814219236373901,0.5725997686386108
70,0.9043387770652771,0.7049897909164429,1.3985084295272827,0.5743093490600586
71,0.9034181833267212,0.7045849561691284,1.3800630569458008,0.5750993490219116
72,0.9026889801025391,0.7054032683372498,1.3861770629882812,0.5726340413093567
73,0.9051258563995361,0.705579936504364,1.3676506280899048,0.575127899646759
74,0.9019725918769836,0.706366240978241,1.4009312391281128,0.5751231908798218
75,0.8934897780418396,0.7085940837860107,1.3778358697891235,0.5770134925842285
76,0.8930881023406982,0.7086727619171143,1.3756262063980103,0.5771434307098389
